<?xml version="1.0" encoding="UTF-8"?>
<!-- Generated by org.testng.reporters.JUnitXMLReporter -->
<testsuite hostname="desktop-bc5h6u4" ignored="0" name="TC002_RegisterforNewUser" tests="4" failures="0" timestamp="14 Jan 2018 05:13:28 GMT" time="33.953" errors="0">
  <testcase name="@BeforeTest setUp" time="0.0" classname="test.automation.uiAutomation.registrationPage.TC002_RegisterforNewUser">
    <failure type="org.openqa.selenium.WebDriverException" message="setTimeouts
Build info: version: &amp;apos;unknown&amp;apos;, revision: &amp;apos;unknown&amp;apos;, time: &amp;apos;unknown&amp;apos;
System info: host: &amp;apos;DESKTOP-BC5H6U4&amp;apos;, ip: &amp;apos;192.168.43.68&amp;apos;, os.name: &amp;apos;Windows 10&amp;apos;, os.arch: &amp;apos;amd64&amp;apos;, os.version: &amp;apos;10.0&amp;apos;, java.version: &amp;apos;1.8.0_144&amp;apos;
Driver info: org.openqa.selenium.firefox.FirefoxDriver
Capabilities [{rotatable=false, raisesAccessibilityExceptions=false, appBuildId=20160421124000, version=46.0, platform=XP, proxy=Proxy(), specificationLevel=1, acceptSslCerts=false, browserVersion=46.0, platformVersion=10.0, XULappId={ec8030f7-c20a-464f-9b0e-13a3a9e97384}, browserName=Firefox, takesScreenshot=true, takesElementScreenshot=true, javascriptEnabled=true, platformName=Windows_NT, device=desktop}]
Session ID: 55ed5885-297a-4771-af7a-9b0ed043ac3d">
      <![CDATA[org.openqa.selenium.WebDriverException: setTimeouts
Build info: version: 'unknown', revision: 'unknown', time: 'unknown'
System info: host: 'DESKTOP-BC5H6U4', ip: '192.168.43.68', os.name: 'Windows 10', os.arch: 'amd64', os.version: '10.0', java.version: '1.8.0_144'
Driver info: org.openqa.selenium.firefox.FirefoxDriver
Capabilities [{rotatable=false, raisesAccessibilityExceptions=false, appBuildId=20160421124000, version=46.0, platform=XP, proxy=Proxy(), specificationLevel=1, acceptSslCerts=false, browserVersion=46.0, platformVersion=10.0, XULappId={ec8030f7-c20a-464f-9b0e-13a3a9e97384}, browserName=Firefox, takesScreenshot=true, takesElementScreenshot=true, javascriptEnabled=true, platformName=Windows_NT, device=desktop}]
Session ID: 55ed5885-297a-4771-af7a-9b0ed043ac3d
	at org.openqa.selenium.remote.http.W3CHttpResponseCodec.createException(W3CHttpResponseCodec.java:150)
	at org.openqa.selenium.remote.http.W3CHttpResponseCodec.decode(W3CHttpResponseCodec.java:115)
	at org.openqa.selenium.remote.http.W3CHttpResponseCodec.decode(W3CHttpResponseCodec.java:45)
	at org.openqa.selenium.remote.HttpCommandExecutor.execute(HttpCommandExecutor.java:164)
	at org.openqa.selenium.remote.service.DriverCommandExecutor.execute(DriverCommandExecutor.java:82)
	at org.openqa.selenium.remote.RemoteWebDriver.execute(RemoteWebDriver.java:637)
	at org.openqa.selenium.remote.RemoteWebDriver$RemoteWebDriverOptions$RemoteTimeouts.implicitlyWait(RemoteWebDriver.java:868)
	at test.automation.uiAutomation.testBase.TestBase.getUrl(TestBase.java:53)
	at test.automation.uiAutomation.testBase.TestBase.init(TestBase.java:42)
	at test.automation.uiAutomation.registrationPage.TC002_RegisterforNewUser.setUp(TC002_RegisterforNewUser.java:34)
... Removed 27 stack frames]]>
    </failure>
  </testcase> <!-- @BeforeTest setUp -->
  <testcase name="@AfterTest endTest" time="0.0" classname="test.automation.uiAutomation.registrationPage.TC002_RegisterforNewUser">
    <skipped/>
  </testcase> <!-- @AfterTest endTest -->
  <testcase name="VerifyTheRegistration" time="0.02" classname="test.automation.uiAutomation.registrationPage.TC002_RegisterforNewUser">
    <skipped/>
  </testcase> <!-- VerifyTheRegistration -->
  <testcase name="VerifyTheRegistration" time="0.004" classname="test.automation.uiAutomation.registrationPage.TC002_RegisterforNewUser">
    <skipped/>
  </testcase> <!-- VerifyTheRegistration -->
  <testcase name="VerifyTheRegistration" time="0.003" classname="test.automation.uiAutomation.registrationPage.TC002_RegisterforNewUser">
    <skipped/>
  </testcase> <!-- VerifyTheRegistration -->
  <testcase name="VerifyTheRegistration" time="0.001" classname="test.automation.uiAutomation.registrationPage.TC002_RegisterforNewUser">
    <skipped/>
  </testcase> <!-- VerifyTheRegistration -->
</testsuite> <!-- TC002_RegisterforNewUser -->
